<?xml version="1.0" encoding="UTF-8"?>
<!-- Generated by org.testng.reporters.JUnitXMLReporter -->
<testsuite ignored="0" hostname="LAPTOP-9MAOOE4D" failures="0" tests="7" name="Default test" time="22.481" errors="0" timestamp="2026-02-04T10:57:08 IST">
  <testcase classname="com.erail.test.erailHomepageTest" name="TC_01" time="3.806"/>
  <testcase classname="com.erail.test.erailHomepageTest" name="TC_02" time="3.689"/>
  <testcase classname="com.erail.test.erailHomepageTest" name="TC_03" time="1.735"/>
  <testcase classname="com.erail.test.erailHomepageTest" name="TC_04" time="2.876"/>
  <testcase classname="com.erail.test.erailHomepageTest" name="TC_05" time="0.453"/>
  <testcase classname="com.erail.test.erailHomepageTest" name="TC_06" time="2.357"/>
  <testcase classname="com.erail.test.erailHomepageTest" name="TC_07" time="0.416"/>
</testsuite> <!-- Default test -->
