<?xml version="1.0" encoding="UTF-8"?>
<testng-results ignored="0" total="7" passed="7" failed="0" skipped="0">
  <reporter-output>
  </reporter-output>
  <suite started-at="2026-02-04T10:56:46 IST" name="Default suite" finished-at="2026-02-04T10:57:08 IST" duration-ms="22481">
    <groups>
    </groups>
    <test started-at="2026-02-04T10:56:46 IST" name="Default test" finished-at="2026-02-04T10:57:08 IST" duration-ms="22481">
      <class name="com.erail.test.erailHomepageTest">
        <test-method is-config="true" signature="Base()[pri:0, instance:com.erail.test.erailHomepageTest@7dc0f706]" started-at="2026-02-04T10:56:41 IST" name="Base" finished-at="2026-02-04T10:56:46 IST" duration-ms="4335" status="PASS">
          <reporter-output>
          </reporter-output>
        </test-method> <!-- Base -->
        <test-method is-config="true" signature="init()[pri:0, instance:com.erail.test.erailHomepageTest@7dc0f706]" started-at="2026-02-04T10:56:46 IST" name="init" finished-at="2026-02-04T10:56:53 IST" duration-ms="6971" status="PASS">
          <reporter-output>
          </reporter-output>
        </test-method> <!-- init -->
        <test-method is-config="true" signature="setupLoggerTedt(java.lang.reflect.Method)[pri:0, instance:com.erail.test.erailHomepageTest@7dc0f706]" started-at="2026-02-04T10:56:53 IST" name="setupLoggerTedt" finished-at="2026-02-04T10:56:53 IST" duration-ms="69" status="PASS">
          <params>
            <param index="0">
              <value>
                <![CDATA[public void com.erail.test.erailHomepageTest.TC_01()]]>
              </value>
            </param>
          </params>
          <reporter-output>
          </reporter-output>
        </test-method> <!-- setupLoggerTedt -->
        <test-method signature="TC_01()[pri:0, instance:com.erail.test.erailHomepageTest@7dc0f706]" started-at="2026-02-04T10:56:53 IST" name="TC_01" finished-at="2026-02-04T10:56:57 IST" duration-ms="3806" status="PASS">
          <reporter-output>
          </reporter-output>
        </test-method> <!-- TC_01 -->
        <test-method is-config="true" signature="setupLoggerTedt(java.lang.reflect.Method)[pri:0, instance:com.erail.test.erailHomepageTest@7dc0f706]" started-at="2026-02-04T10:56:57 IST" name="setupLoggerTedt" finished-at="2026-02-04T10:56:57 IST" duration-ms="2" status="PASS">
          <params>
            <param index="0">
              <value>
                <![CDATA[public void com.erail.test.erailHomepageTest.TC_02()]]>
              </value>
            </param>
          </params>
          <reporter-output>
          </reporter-output>
        </test-method> <!-- setupLoggerTedt -->
        <test-method signature="TC_02()[pri:0, instance:com.erail.test.erailHomepageTest@7dc0f706]" started-at="2026-02-04T10:56:57 IST" name="TC_02" finished-at="2026-02-04T10:57:00 IST" duration-ms="3689" status="PASS">
          <reporter-output>
          </reporter-output>
        </test-method> <!-- TC_02 -->
        <test-method is-config="true" signature="setupLoggerTedt(java.lang.reflect.Method)[pri:0, instance:com.erail.test.erailHomepageTest@7dc0f706]" started-at="2026-02-04T10:57:00 IST" name="setupLoggerTedt" finished-at="2026-02-04T10:57:00 IST" duration-ms="1" status="PASS">
          <params>
            <param index="0">
              <value>
                <![CDATA[public void com.erail.test.erailHomepageTest.TC_03()]]>
              </value>
            </param>
          </params>
          <reporter-output>
          </reporter-output>
        </test-method> <!-- setupLoggerTedt -->
        <test-method signature="TC_03()[pri:0, instance:com.erail.test.erailHomepageTest@7dc0f706]" started-at="2026-02-04T10:57:00 IST" name="TC_03" finished-at="2026-02-04T10:57:02 IST" duration-ms="1735" status="PASS">
          <reporter-output>
          </reporter-output>
        </test-method> <!-- TC_03 -->
        <test-method is-config="true" signature="setupLoggerTedt(java.lang.reflect.Method)[pri:0, instance:com.erail.test.erailHomepageTest@7dc0f706]" started-at="2026-02-04T10:57:02 IST" name="setupLoggerTedt" finished-at="2026-02-04T10:57:02 IST" duration-ms="2" status="PASS">
          <params>
            <param index="0">
              <value>
                <![CDATA[public void com.erail.test.erailHomepageTest.TC_04()]]>
              </value>
            </param>
          </params>
          <reporter-output>
          </reporter-output>
        </test-method> <!-- setupLoggerTedt -->
        <test-method signature="TC_04()[pri:0, instance:com.erail.test.erailHomepageTest@7dc0f706]" started-at="2026-02-04T10:57:02 IST" name="TC_04" finished-at="2026-02-04T10:57:05 IST" duration-ms="2876" status="PASS">
          <reporter-output>
          </reporter-output>
        </test-method> <!-- TC_04 -->
        <test-method is-config="true" signature="setupLoggerTedt(java.lang.reflect.Method)[pri:0, instance:com.erail.test.erailHomepageTest@7dc0f706]" started-at="2026-02-04T10:57:05 IST" name="setupLoggerTedt" finished-at="2026-02-04T10:57:05 IST" duration-ms="1" status="PASS">
          <params>
            <param index="0">
              <value>
                <![CDATA[public void com.erail.test.erailHomepageTest.TC_05()]]>
              </value>
            </param>
          </params>
          <reporter-output>
          </reporter-output>
        </test-method> <!-- setupLoggerTedt -->
        <test-method signature="TC_05()[pri:0, instance:com.erail.test.erailHomepageTest@7dc0f706]" started-at="2026-02-04T10:57:05 IST" name="TC_05" finished-at="2026-02-04T10:57:05 IST" duration-ms="453" status="PASS">
          <reporter-output>
          </reporter-output>
        </test-method> <!-- TC_05 -->
        <test-method is-config="true" signature="setupLoggerTedt(java.lang.reflect.Method)[pri:0, instance:com.erail.test.erailHomepageTest@7dc0f706]" started-at="2026-02-04T10:57:05 IST" name="setupLoggerTedt" finished-at="2026-02-04T10:57:05 IST" duration-ms="3" status="PASS">
          <params>
            <param index="0">
              <value>
                <![CDATA[public void com.erail.test.erailHomepageTest.TC_06()]]>
              </value>
            </param>
          </params>
          <reporter-output>
          </reporter-output>
        </test-method> <!-- setupLoggerTedt -->
        <test-method signature="TC_06()[pri:0, instance:com.erail.test.erailHomepageTest@7dc0f706]" started-at="2026-02-04T10:57:05 IST" name="TC_06" finished-at="2026-02-04T10:57:08 IST" duration-ms="2357" status="PASS">
          <reporter-output>
          </reporter-output>
        </test-method> <!-- TC_06 -->
        <test-method is-config="true" signature="setupLoggerTedt(java.lang.reflect.Method)[pri:0, instance:com.erail.test.erailHomepageTest@7dc0f706]" started-at="2026-02-04T10:57:08 IST" name="setupLoggerTedt" finished-at="2026-02-04T10:57:08 IST" duration-ms="2" status="PASS">
          <params>
            <param index="0">
              <value>
                <![CDATA[public void com.erail.test.erailHomepageTest.TC_07()]]>
              </value>
            </param>
          </params>
          <reporter-output>
          </reporter-output>
        </test-method> <!-- setupLoggerTedt -->
        <test-method signature="TC_07()[pri:0, instance:com.erail.test.erailHomepageTest@7dc0f706]" started-at="2026-02-04T10:57:08 IST" name="TC_07" finished-at="2026-02-04T10:57:08 IST" duration-ms="416" status="PASS">
          <reporter-output>
          </reporter-output>
        </test-method> <!-- TC_07 -->
        <test-method is-config="true" signature="quit()[pri:0, instance:com.erail.test.erailHomepageTest@7dc0f706]" started-at="2026-02-04T10:57:08 IST" name="quit" finished-at="2026-02-04T10:57:09 IST" duration-ms="1142" status="PASS">
          <reporter-output>
          </reporter-output>
        </test-method> <!-- quit -->
      </class> <!-- com.erail.test.erailHomepageTest -->
    </test> <!-- Default test -->
  </suite> <!-- Default suite -->
</testng-results>
