<?xml version="1.0" encoding="UTF-8"?>
<!-- Generated by org.testng.reporters.JUnitReportReporter -->
<testsuite hostname="LAPTOP-9MAOOE4D" failures="0" tests="7" name="com.erail.test.erailHomepageTest" time="15.412" errors="0" timestamp="2026-02-04T10:57:09 IST" skipped="0">
  <testcase classname="com.erail.test.erailHomepageTest" name="TC_04" time="2.878"/>
  <testcase classname="com.erail.test.erailHomepageTest" name="TC_01" time="3.808"/>
  <testcase classname="com.erail.test.erailHomepageTest" name="TC_06" time="2.426"/>
  <testcase classname="com.erail.test.erailHomepageTest" name="TC_02" time="3.690"/>
  <testcase classname="com.erail.test.erailHomepageTest" name="TC_05" time="0.454"/>
  <testcase classname="com.erail.test.erailHomepageTest" name="TC_03" time="1.738"/>
  <testcase classname="com.erail.test.erailHomepageTest" name="TC_07" time="0.418"/>
</testsuite> <!-- com.erail.test.erailHomepageTest -->
